<?xml version="1.0" encoding="UTF-8"?>
<!-- Generated by org.testng.reporters.JUnitReportReporter -->
<testsuite hostname="CK-LENOVO" name="com.test1.test.TestClassOne" tests="1" failures="0" timestamp="26 Sep 2016 22:13:09 GMT" time="8.204" errors="0">
  <testcase name="loginToApplication" time="8.204" classname="com.test1.test.TestClassOne"/>
</testsuite> <!-- com.test1.test.TestClassOne -->
